# JRE version: Java(TM) SE Runtime Environment (7.0_79-b15) (build 1.7.0_79-b15)
# Java VM: Java HotSpot(TM) Client VM (24.79-b02 mixed mode windows-x86 )
Heap
 def new generation   total 6336K, used 6336K [0x03a00000, 0x040d0000, 0x18f50000)
  eden space 5696K, 100% used [0x03a00000, 0x03f90000, 0x03f90000)
  from space 640K, 100% used [0x03f90000, 0x04030000, 0x04030000)
  to   space 640K,   0% used [0x04030000, 0x04030148, 0x040d0000)
 tenured generation   total 13916K, used 13013K [0x18f50000, 0x19ce7000, 0x43a00000)
   the space 13916K,  93% used [0x18f50000, 0x19c05480, 0x19c05600, 0x19ce7000)
 compacting perm gen  total 12288K, used 2983K [0x43a00000, 0x44600000, 0x47a00000)
   the space 12288K,  24% used [0x43a00000, 0x43ce9e18, 0x43cea000, 0x44600000)
GC Heap History (10 events):
Event: 0.607 GC heap after
Heap after GC invocations=12 (full 1):
 def new generation   total 6336K, used 0K [0x03a00000, 0x040d0000, 0x18f50000)
  eden space 5696K,   0% used [0x03a00000, 0x03a00000, 0x03f90000)
  from space 640K,   0% used [0x03f90000, 0x03f90000, 0x04030000)
  to   space 640K,   0% used [0x04030000, 0x04030000, 0x040d0000)
 tenured generation   total 13916K, used 8348K [0x18f50000, 0x19ce7000, 0x43a00000)
   the space 13916K,  59% used [0x18f50000, 0x197771a8, 0x19777200, 0x19ce7000)
 compacting perm gen  total 12288K, used 2981K [0x43a00000, 0x44600000, 0x47a00000)
   the space 12288K,  24% used [0x43a00000, 0x43ce9798, 0x43ce9800, 0x44600000)
No shared spaces configured.
}
Event: 0.655 GC heap before
{Heap before GC invocations=12 (full 1):
 def new generation   total 6336K, used 5696K [0x03a00000, 0x040d0000, 0x18f50000)
  eden space 5696K, 100% used [0x03a00000, 0x03f90000, 0x03f90000)
  from space 640K,   0% used [0x03f90000, 0x03f90000, 0x04030000)
  to   space 640K,   0% used [0x04030000, 0x04030000, 0x040d0000)
 tenured generation   total 13916K, used 8348K [0x18f50000, 0x19ce7000, 0x43a00000)
   the space 13916K,  59% used [0x18f50000, 0x197771a8, 0x19777200, 0x19ce7000)
 compacting perm gen  total 12288K, used 2981K [0x43a00000, 0x44600000, 0x47a00000)
   the space 12288K,  24% used [0x43a00000, 0x43ce9798, 0x43ce9800, 0x44600000)
No shared spaces configured.
Event: 0.656 GC heap after
Heap after GC invocations=13 (full 1):
 def new generation   total 6336K, used 439K [0x03a00000, 0x040d0000, 0x18f50000)
  eden space 5696K,   0% used [0x03a00000, 0x03a00000, 0x03f90000)
  from space 640K,  68% used [0x04030000, 0x0409dd90, 0x040d0000)
  to   space 640K,   0% used [0x03f90000, 0x03f90000, 0x04030000)
 tenured generation   total 13916K, used 9284K [0x18f50000, 0x19ce7000, 0x43a00000)
   the space 13916K,  66% used [0x18f50000, 0x19861370, 0x19861400, 0x19ce7000)
 compacting perm gen  total 12288K, used 2981K [0x43a00000, 0x44600000, 0x47a00000)
   the space 12288K,  24% used [0x43a00000, 0x43ce9798, 0x43ce9800, 0x44600000)
No shared spaces configured.
}
Event: 0.674 GC heap before
{Heap before GC invocations=13 (full 1):
 def new generation   total 6336K, used 6135K [0x03a00000, 0x040d0000, 0x18f50000)
  eden space 5696K, 100% used [0x03a00000, 0x03f90000, 0x03f90000)
  from space 640K,  68% used [0x04030000, 0x0409dd90, 0x040d0000)
  to   space 640K,   0% used [0x03f90000, 0x03f90000, 0x04030000)
 tenured generation   total 13916K, used 9284K [0x18f50000, 0x19ce7000, 0x43a00000)
   the space 13916K,  66% used [0x18f50000, 0x19861370, 0x19861400, 0x19ce7000)
 compacting perm gen  total 12288K, used 2983K [0x43a00000, 0x44600000, 0x47a00000)
   the space 12288K,  24% used [0x43a00000, 0x43ce9e18, 0x43cea000, 0x44600000)
No shared spaces configured.
Event: 0.675 GC heap after
Heap after GC invocations=14 (full 1):
 def new generation   total 6336K, used 40K [0x03a00000, 0x040d0000, 0x18f50000)
  eden space 5696K,   0% used [0x03a00000, 0x03a00000, 0x03f90000)
  from space 640K,   6% used [0x03f90000, 0x03f9a0c8, 0x04030000)
  to   space 640K,   0% used [0x04030000, 0x04030000, 0x040d0000)
 tenured generation   total 13916K, used 9717K [0x18f50000, 0x19ce7000, 0x43a00000)
   the space 13916K,  69% used [0x18f50000, 0x198cd6a8, 0x198cd800, 0x19ce7000)
 compacting perm gen  total 12288K, used 2983K [0x43a00000, 0x44600000, 0x47a00000)
   the space 12288K,  24% used [0x43a00000, 0x43ce9e18, 0x43cea000, 0x44600000)
No shared spaces configured.
}
Event: 0.697 GC heap before
{Heap before GC invocations=14 (full 1):
 def new generation   total 6336K, used 5736K [0x03a00000, 0x040d0000, 0x18f50000)
  eden space 5696K, 100% used [0x03a00000, 0x03f90000, 0x03f90000)
  from space 640K,   6% used [0x03f90000, 0x03f9a0c8, 0x04030000)
  to   space 640K,   0% used [0x04030000, 0x04030000, 0x040d0000)
 tenured generation   total 13916K, used 9717K [0x18f50000, 0x19ce7000, 0x43a00000)
   the space 13916K,  69% used [0x18f50000, 0x198cd6a8, 0x198cd800, 0x19ce7000)
 compacting perm gen  total 12288K, used 2983K [0x43a00000, 0x44600000, 0x47a00000)
   the space 12288K,  24% used [0x43a00000, 0x43ce9e18, 0x43cea000, 0x44600000)
No shared spaces configured.
Event: 0.699 GC heap after
Heap after GC invocations=15 (full 1):
 def new generation   total 6336K, used 114K [0x03a00000, 0x040d0000, 0x18f50000)
  eden space 5696K,   0% used [0x03a00000, 0x03a00000, 0x03f90000)
  from space 640K,  17% used [0x04030000, 0x0404cbd0, 0x040d0000)
  to   space 640K,   0% used [0x03f90000, 0x03f90000, 0x04030000)
 tenured generation   total 13916K, used 12361K [0x18f50000, 0x19ce7000, 0x43a00000)
   the space 13916K,  88% used [0x18f50000, 0x19b624f0, 0x19b62600, 0x19ce7000)
 compacting perm gen  total 12288K, used 2983K [0x43a00000, 0x44600000, 0x47a00000)
   the space 12288K,  24% used [0x43a00000, 0x43ce9e18, 0x43cea000, 0x44600000)
No shared spaces configured.
}
Event: 0.720 GC heap before
{Heap before GC invocations=15 (full 1):
 def new generation   total 6336K, used 5810K [0x03a00000, 0x040d0000, 0x18f50000)
  eden space 5696K, 100% used [0x03a00000, 0x03f90000, 0x03f90000)
  from space 640K,  17% used [0x04030000, 0x0404cbd0, 0x040d0000)
  to   space 640K,   0% used [0x03f90000, 0x03f90000, 0x04030000)
 tenured generation   total 13916K, used 12361K [0x18f50000, 0x19ce7000, 0x43a00000)
   the space 13916K,  88% used [0x18f50000, 0x19b624f0, 0x19b62600, 0x19ce7000)
 compacting perm gen  total 12288K, used 2983K [0x43a00000, 0x44600000, 0x47a00000)
   the space 12288K,  24% used [0x43a00000, 0x43ce9e18, 0x43cea000, 0x44600000)
No shared spaces configured.
Event: 0.722 GC heap after
Heap after GC invocations=16 (full 1):
 def new generation   total 6336K, used 640K [0x03a00000, 0x040d0000, 0x18f50000)
  eden space 5696K,   0% used [0x03a00000, 0x03a00000, 0x03f90000)
  from space 640K, 100% used [0x03f90000, 0x04030000, 0x04030000)
  to   space 640K,   0% used [0x04030000, 0x04030000, 0x040d0000)
 tenured generation   total 13916K, used 12434K [0x18f50000, 0x19ce7000, 0x43a00000)
   the space 13916K,  89% used [0x18f50000, 0x19b74850, 0x19b74a00, 0x19ce7000)
 compacting perm gen  total 12288K, used 2983K [0x43a00000, 0x44600000, 0x47a00000)
   the space 12288K,  24% used [0x43a00000, 0x43ce9e18, 0x43cea000, 0x44600000)
No shared spaces configured.
}
Event: 0.741 GC heap before
{Heap before GC invocations=16 (full 1):
 def new generation   total 6336K, used 6336K [0x03a00000, 0x040d0000, 0x18f50000)
  eden space 5696K, 100% used [0x03a00000, 0x03f90000, 0x03f90000)
  from space 640K, 100% used [0x03f90000, 0x04030000, 0x04030000)
  to   space 640K,   0% used [0x04030000, 0x04030000, 0x040d0000)
 tenured generation   total 13916K, used 12434K [0x18f50000, 0x19ce7000, 0x43a00000)
   the space 13916K,  89% used [0x18f50000, 0x19b74850, 0x19b74a00, 0x19ce7000)
 compacting perm gen  total 12288K, used 2983K [0x43a00000, 0x44600000, 0x47a00000)
   the space 12288K,  24% used [0x43a00000, 0x43ce9e18, 0x43cea000, 0x44600000)
No shared spaces configured.

